<?xml version="1.0" encoding="UTF-8"?>
<testsuite xmlns:xsi="http://www.w3.org/2001/XMLSchema-instance" xsi:noNamespaceSchemaLocation="https://maven.apache.org/surefire/maven-surefire-plugin/xsd/surefire-test-report.xsd" name="com.pluralsight.blog.Module4_Tests" time="0.009" tests="8" errors="0" skipped="0" failures="8">
  <properties>
[...]
</properties>
  <testcase name="task_1" classname="com.pluralsight.blog.Module4_Tests" time="0">
    <failure message="Task 1: `&lt;a&gt;` tags with class &quot;post-url&quot; do not exist." type="java.lang.AssertionError"><![CDATA[java.lang.AssertionError: Task 1: `<a>` tags with class "post-url" do not exist.
	at com.pluralsight.blog.Module4_Tests.task_1(Module4_Tests.java:141)
]]></failure>
  </testcase>
  <testcase name="task_2" classname="com.pluralsight.blog.Module4_Tests" time="0">
    <failure message="Task 2: The method `public String postDetails(@PathVariable Long id, ModelMap map)` does not exist in BlogController." type="java.lang.AssertionError">java.lang.AssertionError: Task 2: The method `public String postDetails(@PathVariable Long id, ModelMap map)` does not exist in BlogController.
	at com.pluralsight.blog.Module4_Tests.task_2(Module4_Tests.java:166)
</failure>
  </testcase>
  <testcase name="task_3" classname="com.pluralsight.blog.Module4_Tests" time="0">
    <failure message="Task 3: The method `public String postDetails(@PathVariable Long id, ModelMap map)` does not exist in BlogController." type="java.lang.AssertionError">java.lang.AssertionError: Task 3: The method `public String postDetails(@PathVariable Long id, ModelMap map)` does not exist in BlogController.
	at com.pluralsight.blog.Module4_Tests.task_3(Module4_Tests.java:186)
</failure>
  </testcase>
  <testcase name="task_4" classname="com.pluralsight.blog.Module4_Tests" time="0">
    <failure message="Task 4: The method `getAllPosts()` does not exist in the PostRepository class." type="java.lang.AssertionError">java.lang.AssertionError: Task 4: The method `getAllPosts()` does not exist in the PostRepository class.
	at com.pluralsight.blog.Module4_Tests.task_4(Module4_Tests.java:213)
</failure>
  </testcase>
  <testcase name="task_5" classname="com.pluralsight.blog.Module4_Tests" time="0">
    <failure message="Task 5: Did not call PostRepository&apos;s `findById()` method in BlogController." type="java.lang.AssertionError">java.lang.AssertionError: Task 5: Did not call PostRepository's `findById()` method in BlogController.
	at com.pluralsight.blog.Module4_Tests.do_task_5(Module4_Tests.java:261)
	at com.pluralsight.blog.Module4_Tests.task_5(Module4_Tests.java:232)
</failure>
  </testcase>
  <testcase name="task_6" classname="com.pluralsight.blog.Module4_Tests" time="0">
    <failure message="Task 6: Did not call ModelMap&apos;s `put()` method with the Post." type="java.lang.AssertionError">java.lang.AssertionError: Task 6: Did not call ModelMap's `put()` method with the Post.
	at com.pluralsight.blog.Module4_Tests.do_task_6(Module4_Tests.java:285)
	at com.pluralsight.blog.Module4_Tests.task_6(Module4_Tests.java:237)
</failure>
  </testcase>
  <testcase name="task_7" classname="com.pluralsight.blog.Module4_Tests" time="0">
    <failure message="The `&lt;h3&gt;` tags for author and date do not exist in the post-details.html template." type="java.lang.AssertionError"><![CDATA[java.lang.AssertionError: The `<h3>` tags for author and date do not exist in the post-details.html template.
	at com.pluralsight.blog.Module4_Tests.task_7(Module4_Tests.java:311)
]]></failure>
  </testcase>
  <testcase name="task_8" classname="com.pluralsight.blog.Module4_Tests" time="0.009">
    <failure message="The `&lt;div class=&quot;col-md-8 post-body&quot;&gt;` tag for the body does not exist in the post-details.html template." type="java.lang.AssertionError"><![CDATA[java.lang.AssertionError: The `<div class="col-md-8 post-body">` tag for the body does not exist in the post-details.html template.
	at com.pluralsight.blog.Module4_Tests.task_8(Module4_Tests.java:354)
]]></failure>
  </testcase>
</testsuite>